execve("./harness", ["./harness", "crashers/sigsegv_17_290"], 0x7ffe0fc4c078 /* 44 vars */) = 0
brk(NULL)                               = 0x55d981bd3000
arch_prctl(0x3001 /* ARCH_??? */, 0x7ffdc86216a0) = -1 EINVAL (Invalid argument)
access("/etc/ld.so.preload", R_OK)      = -1 ENOENT (No such file or directory)
openat(AT_FDCWD, "/etc/ld.so.cache", O_RDONLY|O_CLOEXEC) = 3
newfstatat(3, "", {st_mode=S_IFREG|0644, st_size=133087, ...}, AT_EMPTY_PATH) = 0
mmap(NULL, 133087, PROT_READ, MAP_PRIVATE, 3, 0) = 0x7fbe32582000
close(3)                                = 0
openat(AT_FDCWD, "/usr/lib/libstdc++.so.6", O_RDONLY|O_CLOEXEC) = 3
read(3, "\177ELF\2\1\1\3\0\0\0\0\0\0\0\0\3\0>\0\1\0\0\0\0\0\0\0\0\0\0\0"..., 832) = 832
pread64(3, "\4\0\0\0\24\0\0\0\3\0\0\0GNU\0\263\352\353\313SiHub\345-\330\320\26\311\315"..., 36, 800) = 36
newfstatat(3, "", {st_mode=S_IFREG|0755, st_size=19200288, ...}, AT_EMPTY_PATH) = 0
mmap(NULL, 8192, PROT_READ|PROT_WRITE, MAP_PRIVATE|MAP_ANONYMOUS, -1, 0) = 0x7fbe32580000
mmap(NULL, 2320384, PROT_READ, MAP_PRIVATE|MAP_DENYWRITE, 3, 0) = 0x7fbe32200000
mmap(0x7fbe32299000, 1138688, PROT_READ|PROT_EXEC, MAP_PRIVATE|MAP_FIXED|MAP_DENYWRITE, 3, 0x99000) = 0x7fbe32299000
mmap(0x7fbe323af000, 487424, PROT_READ, MAP_PRIVATE|MAP_FIXED|MAP_DENYWRITE, 3, 0x1af000) = 0x7fbe323af000
mmap(0x7fbe32426000, 57344, PROT_READ|PROT_WRITE, MAP_PRIVATE|MAP_FIXED|MAP_DENYWRITE, 3, 0x225000) = 0x7fbe32426000
mmap(0x7fbe32434000, 10240, PROT_READ|PROT_WRITE, MAP_PRIVATE|MAP_FIXED|MAP_ANONYMOUS, -1, 0) = 0x7fbe32434000
close(3)                                = 0
openat(AT_FDCWD, "/usr/lib/libm.so.6", O_RDONLY|O_CLOEXEC) = 3
read(3, "\177ELF\2\1\1\3\0\0\0\0\0\0\0\0\3\0>\0\1\0\0\0\0\0\0\0\0\0\0\0"..., 832) = 832
newfstatat(3, "", {st_mode=S_IFREG|0755, st_size=940448, ...}, AT_EMPTY_PATH) = 0
mmap(NULL, 942304, PROT_READ, MAP_PRIVATE|MAP_DENYWRITE, 3, 0) = 0x7fbe32499000
mmap(0x7fbe324a7000, 495616, PROT_READ|PROT_EXEC, MAP_PRIVATE|MAP_FIXED|MAP_DENYWRITE, 3, 0xe000) = 0x7fbe324a7000
mmap(0x7fbe32520000, 385024, PROT_READ, MAP_PRIVATE|MAP_FIXED|MAP_DENYWRITE, 3, 0x87000) = 0x7fbe32520000
mmap(0x7fbe3257e000, 8192, PROT_READ|PROT_WRITE, MAP_PRIVATE|MAP_FIXED|MAP_DENYWRITE, 3, 0xe4000) = 0x7fbe3257e000
close(3)                                = 0
openat(AT_FDCWD, "/usr/lib/libgcc_s.so.1", O_RDONLY|O_CLOEXEC) = 3
read(3, "\177ELF\2\1\1\0\0\0\0\0\0\0\0\0\3\0>\0\1\0\0\0\0\0\0\0\0\0\0\0"..., 832) = 832
newfstatat(3, "", {st_mode=S_IFREG|0644, st_size=571888, ...}, AT_EMPTY_PATH) = 0
mmap(NULL, 127304, PROT_READ, MAP_PRIVATE|MAP_DENYWRITE, 3, 0) = 0x7fbe32479000
mmap(0x7fbe3247c000, 94208, PROT_READ|PROT_EXEC, MAP_PRIVATE|MAP_FIXED|MAP_DENYWRITE, 3, 0x3000) = 0x7fbe3247c000
mmap(0x7fbe32493000, 16384, PROT_READ, MAP_PRIVATE|MAP_FIXED|MAP_DENYWRITE, 3, 0x1a000) = 0x7fbe32493000
mmap(0x7fbe32497000, 8192, PROT_READ|PROT_WRITE, MAP_PRIVATE|MAP_FIXED|MAP_DENYWRITE, 3, 0x1d000) = 0x7fbe32497000
close(3)                                = 0
openat(AT_FDCWD, "/usr/lib/libc.so.6", O_RDONLY|O_CLOEXEC) = 3
read(3, "\177ELF\2\1\1\3\0\0\0\0\0\0\0\0\3\0>\0\1\0\0\0P\224\2\0\0\0\0\0"..., 832) = 832
pread64(3, "\6\0\0\0\4\0\0\0@\0\0\0\0\0\0\0@\0\0\0\0\0\0\0@\0\0\0\0\0\0\0"..., 784, 64) = 784
pread64(3, "\4\0\0\0@\0\0\0\5\0\0\0GNU\0\2\0\0\300\4\0\0\0\3\0\0\0\0\0\0\0"..., 80, 848) = 80
pread64(3, "\4\0\0\0\24\0\0\0\3\0\0\0GNU\0`\337\35\363\37\2\247\262=\250>\216\371#5\230"..., 68, 928) = 68
newfstatat(3, "", {st_mode=S_IFREG|0755, st_size=2100888, ...}, AT_EMPTY_PATH) = 0
pread64(3, "\6\0\0\0\4\0\0\0@\0\0\0\0\0\0\0@\0\0\0\0\0\0\0@\0\0\0\0\0\0\0"..., 784, 64) = 784
mmap(NULL, 2146032, PROT_READ, MAP_PRIVATE|MAP_DENYWRITE, 3, 0) = 0x7fbe31e00000
mprotect(0x7fbe31e28000, 1904640, PROT_NONE) = 0
mmap(0x7fbe31e28000, 1540096, PROT_READ|PROT_EXEC, MAP_PRIVATE|MAP_FIXED|MAP_DENYWRITE, 3, 0x28000) = 0x7fbe31e28000
mmap(0x7fbe31fa0000, 360448, PROT_READ, MAP_PRIVATE|MAP_FIXED|MAP_DENYWRITE, 3, 0x1a0000) = 0x7fbe31fa0000
mmap(0x7fbe31ff9000, 24576, PROT_READ|PROT_WRITE, MAP_PRIVATE|MAP_FIXED|MAP_DENYWRITE, 3, 0x1f8000) = 0x7fbe31ff9000
mmap(0x7fbe31fff000, 52976, PROT_READ|PROT_WRITE, MAP_PRIVATE|MAP_FIXED|MAP_ANONYMOUS, -1, 0) = 0x7fbe31fff000
close(3)                                = 0
mmap(NULL, 8192, PROT_READ|PROT_WRITE, MAP_PRIVATE|MAP_ANONYMOUS, -1, 0) = 0x7fbe32477000
arch_prctl(ARCH_SET_FS, 0x7fbe32478480) = 0
set_tid_address(0x7fbe32478750)         = 3782579
set_robust_list(0x7fbe32478760, 24)     = 0
rseq(0x7fbe32478e20, 0x20, 0, 0x53053053) = 0
mprotect(0x7fbe31ff9000, 16384, PROT_READ) = 0
mprotect(0x7fbe32497000, 4096, PROT_READ) = 0
mprotect(0x7fbe3257e000, 4096, PROT_READ) = 0
mmap(NULL, 8192, PROT_READ|PROT_WRITE, MAP_PRIVATE|MAP_ANONYMOUS, -1, 0) = 0x7fbe32475000
mprotect(0x7fbe32426000, 53248, PROT_READ) = 0
mprotect(0x55d9801cf000, 20480, PROT_READ) = 0
mprotect(0x7fbe325d8000, 8192, PROT_READ) = 0
prlimit64(0, RLIMIT_STACK, NULL, {rlim_cur=8192*1024, rlim_max=RLIM64_INFINITY}) = 0
munmap(0x7fbe32582000, 133087)          = 0
getrandom("\xbd\x83\xd4\x08\x7f\xa3\xe9\x84", 8, GRND_NONBLOCK) = 8
brk(NULL)                               = 0x55d981bd3000
brk(0x55d981bf4000)                     = 0x55d981bf4000
mmap(NULL, 2101248, PROT_READ|PROT_WRITE, MAP_PRIVATE|MAP_ANONYMOUS, -1, 0) = 0x7fbe31bff000
futex(0x7fbe324346bc, FUTEX_WAKE_PRIVATE, 2147483647) = 0
brk(0x55d981c15000)                     = 0x55d981c15000
rt_sigaction(SIGTERM, NULL, {sa_handler=SIG_DFL, sa_mask=[], sa_flags=0}, 8) = 0
rt_sigaction(SIGTERM, {sa_handler=0x55d980179af0, sa_mask=[TERM], sa_flags=SA_RESTORER|SA_RESTART, sa_restorer=0x7fbe31e3e8e0}, {sa_handler=SIG_DFL, sa_mask=[], sa_flags=0}, 8) = 0
openat(AT_FDCWD, "/dev/afl_snapshot", O_RDONLY) = -1 ENOENT (No such file or directory)
rt_sigaction(SIGCHLD, {sa_handler=SIG_DFL, sa_mask=[CHLD], sa_flags=SA_RESTORER|SA_RESTART, sa_restorer=0x7fbe31e3e8e0}, {sa_handler=SIG_DFL, sa_mask=[], sa_flags=0}, 8) = 0
write(199, "\377\377?\302", 4)          = -1 EBADF (Bad file descriptor)
openat(AT_FDCWD, "crashers/sigsegv_17_290", O_RDONLY) = 3
newfstatat(3, "", {st_mode=S_IFREG|0600, st_size=15, ...}, AT_EMPTY_PATH) = 0
read(3, "2\t3\t5\n9\t1\t1\t2\n\n", 4096) = 15
read(3, "", 4096)                       = 0
lseek(3, 0, SEEK_SET)                   = 0
read(3, "2\t3\t5\n9\t1\t1\t2\n\n", 4096) = 15
close(3)                                = 0
openat(AT_FDCWD, "crashers/sigsegv_17_290", O_RDONLY) = 3
newfstatat(3, "", {st_mode=S_IFREG|0600, st_size=15, ...}, AT_EMPTY_PATH) = 0
read(3, "2\t3\t5\n9\t1\t1\t2\n\n", 4096) = 15
read(3, "", 4096)                       = 0
lseek(3, 0, SEEK_SET)                   = 0
read(3, "2\t3\t5\n9\t1\t1\t2\n\n", 4096) = 15
read(3, "", 4096)                       = 0
close(3)                                = 0
--- SIGSEGV {si_signo=SIGSEGV, si_code=SI_KERNEL, si_addr=NULL} ---
+++ killed by SIGSEGV (core dumped) +++
Segmentation fault
